# JRE version: Java(TM) SE Runtime Environment (17.0.3+8) (build 17.0.3+8-LTS-111)
# Java VM: Java HotSpot(TM) 64-Bit Server VM (17.0.3+8-LTS-111, mixed mode, sharing, tiered, compressed oops, compressed class ptrs, g1 gc, windows-amd64)
GC Precious Log:
 CPUs: 24 total, 24 available
 Memory: 32509M
 Large Page Support: Disabled
 NUMA Support: Disabled
 Compressed Oops: Enabled (Zero based)
 Heap Region Size: 4M
 Heap Min Capacity: 8M
 Heap Initial Capacity: 508M
 Heap Max Capacity: 8128M
 Pre-touch: Disabled
 Parallel Workers: 18
 Concurrent Workers: 5
 Concurrent Refinement Workers: 18
 Periodic GC: Disabled
Heap:
 garbage-first heap   total 311296K, used 61684K [0x0000000604000000, 0x0000000800000000)
  region size 4096K, 5 young (20480K), 1 survivors (4096K)
 Metaspace       used 7961K, committed 8128K, reserved 1056768K
  class space    used 713K, committed 768K, reserved 1048576K
GC Heap History (14 events):
Event: 0.641 GC heap before
{Heap before GC invocations=0 (full 0):
 garbage-first heap   total 520192K, used 28672K [0x0000000604000000, 0x0000000800000000)
  region size 4096K, 6 young (24576K), 0 survivors (0K)
 Metaspace       used 5951K, committed 6144K, reserved 1056768K
  class space    used 587K, committed 704K, reserved 1048576K
}
Event: 0.644 GC heap after
{Heap after GC invocations=1 (full 0):
 garbage-first heap   total 520192K, used 18534K [0x0000000604000000, 0x0000000800000000)
  region size 4096K, 1 young (4096K), 1 survivors (4096K)
 Metaspace       used 5951K, committed 6144K, reserved 1056768K
  class space    used 587K, committed 704K, reserved 1048576K
}
Event: 0.691 GC heap before
{Heap before GC invocations=1 (full 0):
 garbage-first heap   total 520192K, used 18534K [0x0000000604000000, 0x0000000800000000)
  region size 4096K, 3 young (12288K), 1 survivors (4096K)
 Metaspace       used 6986K, committed 7168K, reserved 1056768K
  class space    used 668K, committed 768K, reserved 1048576K
}
Event: 0.694 GC heap after
{Heap after GC invocations=2 (full 1):
 garbage-first heap   total 98304K, used 19260K [0x0000000604000000, 0x0000000800000000)
  region size 4096K, 0 young (0K), 0 survivors (0K)
 Metaspace       used 6986K, committed 7168K, reserved 1056768K
  class space    used 668K, committed 768K, reserved 1048576K
}
Event: 1.060 GC heap before
{Heap before GC invocations=2 (full 1):
 garbage-first heap   total 98304K, used 31548K [0x0000000604000000, 0x0000000800000000)
  region size 4096K, 4 young (16384K), 0 survivors (0K)
 Metaspace       used 7135K, committed 7296K, reserved 1056768K
  class space    used 686K, committed 768K, reserved 1048576K
}
Event: 1.068 GC heap after
{Heap after GC invocations=3 (full 1):
 garbage-first heap   total 98304K, used 31702K [0x0000000604000000, 0x0000000800000000)
  region size 4096K, 1 young (4096K), 1 survivors (4096K)
 Metaspace       used 7135K, committed 7296K, reserved 1056768K
  class space    used 686K, committed 768K, reserved 1048576K
}
Event: 1.609 GC heap before
{Heap before GC invocations=3 (full 1):
 garbage-first heap   total 98304K, used 39894K [0x0000000604000000, 0x0000000800000000)
  region size 4096K, 3 young (12288K), 1 survivors (4096K)
 Metaspace       used 7156K, committed 7296K, reserved 1056768K
  class space    used 686K, committed 768K, reserved 1048576K
}
Event: 1.610 GC heap after
{Heap after GC invocations=4 (full 1):
 garbage-first heap   total 98304K, used 34698K [0x0000000604000000, 0x0000000800000000)
  region size 4096K, 1 young (4096K), 1 survivors (4096K)
 Metaspace       used 7156K, committed 7296K, reserved 1056768K
  class space    used 686K, committed 768K, reserved 1048576K
}
Event: 1.818 GC heap before
{Heap before GC invocations=4 (full 1):
 garbage-first heap   total 98304K, used 42890K [0x0000000604000000, 0x0000000800000000)
  region size 4096K, 4 young (16384K), 1 survivors (4096K)
 Metaspace       used 7203K, committed 7424K, reserved 1056768K
  class space    used 690K, committed 768K, reserved 1048576K
}
Event: 1.819 GC heap after
{Heap after GC invocations=5 (full 1):
 garbage-first heap   total 98304K, used 41485K [0x0000000604000000, 0x0000000800000000)
  region size 4096K, 1 young (4096K), 1 survivors (4096K)
 Metaspace       used 7203K, committed 7424K, reserved 1056768K
  class space    used 690K, committed 768K, reserved 1048576K
}
Event: 1.872 GC heap before
{Heap before GC invocations=6 (full 1):
 garbage-first heap   total 98304K, used 45581K [0x0000000604000000, 0x0000000800000000)
  region size 4096K, 3 young (12288K), 1 survivors (4096K)
 Metaspace       used 7328K, committed 7488K, reserved 1056768K
  class space    used 705K, committed 768K, reserved 1048576K
}
Event: 1.874 GC heap after
{Heap after GC invocations=7 (full 1):
 garbage-first heap   total 98304K, used 48189K [0x0000000604000000, 0x0000000800000000)
  region size 4096K, 1 young (4096K), 1 survivors (4096K)
 Metaspace       used 7328K, committed 7488K, reserved 1056768K
  class space    used 705K, committed 768K, reserved 1048576K
}
Event: 1.980 GC heap before
{Heap before GC invocations=7 (full 1):
 garbage-first heap   total 98304K, used 52285K [0x0000000604000000, 0x0000000800000000)
  region size 4096K, 2 young (8192K), 1 survivors (4096K)
 Metaspace       used 7328K, committed 7488K, reserved 1056768K
  class space    used 705K, committed 768K, reserved 1048576K
}
Event: 1.983 GC heap after
{Heap after GC invocations=8 (full 1):
 garbage-first heap   total 311296K, used 49396K [0x0000000604000000, 0x0000000800000000)
  region size 4096K, 1 young (4096K), 1 survivors (4096K)
 Metaspace       used 7328K, committed 7488K, reserved 1056768K
  class space    used 705K, committed 768K, reserved 1048576K
}

