# JRE version: Java(TM) SE Runtime Environment (17.0.3+8) (build 17.0.3+8-LTS-111)
# Java VM: Java HotSpot(TM) 64-Bit Server VM (17.0.3+8-LTS-111, mixed mode, sharing, tiered, compressed oops, compressed class ptrs, g1 gc, windows-amd64)
GC Precious Log:
 CPUs: 24 total, 24 available
 Memory: 32509M
 Large Page Support: Disabled
 NUMA Support: Disabled
 Compressed Oops: Enabled (Zero based)
 Heap Region Size: 4M
 Heap Min Capacity: 8M
 Heap Initial Capacity: 508M
 Heap Max Capacity: 8128M
 Pre-touch: Disabled
 Parallel Workers: 18
 Concurrent Workers: 5
 Concurrent Refinement Workers: 18
 Periodic GC: Disabled
Heap:
 garbage-first heap   total 204800K, used 52079K [0x0000000604000000, 0x0000000800000000)
  region size 4096K, 3 young (12288K), 1 survivors (4096K)
 Metaspace       used 7931K, committed 8128K, reserved 1056768K
  class space    used 713K, committed 768K, reserved 1048576K
GC Heap History (16 events):
Event: 0.660 GC heap before
{Heap before GC invocations=0 (full 0):
 garbage-first heap   total 520192K, used 28672K [0x0000000604000000, 0x0000000800000000)
  region size 4096K, 6 young (24576K), 0 survivors (0K)
 Metaspace       used 5954K, committed 6144K, reserved 1056768K
  class space    used 586K, committed 704K, reserved 1048576K
}
Event: 0.663 GC heap after
{Heap after GC invocations=1 (full 0):
 garbage-first heap   total 520192K, used 18545K [0x0000000604000000, 0x0000000800000000)
  region size 4096K, 1 young (4096K), 1 survivors (4096K)
 Metaspace       used 5954K, committed 6144K, reserved 1056768K
  class space    used 586K, committed 704K, reserved 1048576K
}
Event: 0.709 GC heap before
{Heap before GC invocations=1 (full 0):
 garbage-first heap   total 520192K, used 18545K [0x0000000604000000, 0x0000000800000000)
  region size 4096K, 3 young (12288K), 1 survivors (4096K)
 Metaspace       used 6985K, committed 7168K, reserved 1056768K
  class space    used 668K, committed 768K, reserved 1048576K
}
Event: 0.712 GC heap after
{Heap after GC invocations=2 (full 1):
 garbage-first heap   total 98304K, used 19254K [0x0000000604000000, 0x0000000800000000)
  region size 4096K, 0 young (0K), 0 survivors (0K)
 Metaspace       used 6985K, committed 7168K, reserved 1056768K
  class space    used 668K, committed 768K, reserved 1048576K
}
Event: 1.068 GC heap before
{Heap before GC invocations=2 (full 1):
 garbage-first heap   total 98304K, used 35638K [0x0000000604000000, 0x0000000800000000)
  region size 4096K, 4 young (16384K), 0 survivors (0K)
 Metaspace       used 7134K, committed 7296K, reserved 1056768K
  class space    used 686K, committed 768K, reserved 1048576K
}
Event: 1.070 GC heap after
{Heap after GC invocations=3 (full 1):
 garbage-first heap   total 98304K, used 31757K [0x0000000604000000, 0x0000000800000000)
  region size 4096K, 1 young (4096K), 1 survivors (4096K)
 Metaspace       used 7134K, committed 7296K, reserved 1056768K
  class space    used 686K, committed 768K, reserved 1048576K
}
Event: 1.616 GC heap before
{Heap before GC invocations=3 (full 1):
 garbage-first heap   total 98304K, used 39949K [0x0000000604000000, 0x0000000800000000)
  region size 4096K, 3 young (12288K), 1 survivors (4096K)
 Metaspace       used 7156K, committed 7296K, reserved 1056768K
  class space    used 686K, committed 768K, reserved 1048576K
}
Event: 1.618 GC heap after
{Heap after GC invocations=4 (full 1):
 garbage-first heap   total 98304K, used 34704K [0x0000000604000000, 0x0000000800000000)
  region size 4096K, 1 young (4096K), 1 survivors (4096K)
 Metaspace       used 7156K, committed 7296K, reserved 1056768K
  class space    used 686K, committed 768K, reserved 1048576K
}
Event: 1.781 GC heap before
{Heap before GC invocations=4 (full 1):
 garbage-first heap   total 98304K, used 38800K [0x0000000604000000, 0x0000000800000000)
  region size 4096K, 3 young (12288K), 1 survivors (4096K)
 Metaspace       used 7203K, committed 7424K, reserved 1056768K
  class space    used 690K, committed 768K, reserved 1048576K
}
Event: 1.782 GC heap after
{Heap after GC invocations=5 (full 1):
 garbage-first heap   total 98304K, used 37451K [0x0000000604000000, 0x0000000800000000)
  region size 4096K, 1 young (4096K), 1 survivors (4096K)
 Metaspace       used 7203K, committed 7424K, reserved 1056768K
  class space    used 690K, committed 768K, reserved 1048576K
}
Event: 1.844 GC heap before
{Heap before GC invocations=6 (full 1):
 garbage-first heap   total 98304K, used 45643K [0x0000000604000000, 0x0000000800000000)
  region size 4096K, 4 young (16384K), 1 survivors (4096K)
 Metaspace       used 7328K, committed 7488K, reserved 1056768K
  class space    used 705K, committed 768K, reserved 1048576K
}
Event: 1.846 GC heap after
{Heap after GC invocations=7 (full 1):
 garbage-first heap   total 98304K, used 48439K [0x0000000604000000, 0x0000000800000000)
  region size 4096K, 1 young (4096K), 1 survivors (4096K)
 Metaspace       used 7328K, committed 7488K, reserved 1056768K
  class space    used 705K, committed 768K, reserved 1048576K
}
Event: 1.923 GC heap before
{Heap before GC invocations=7 (full 1):
 garbage-first heap   total 98304K, used 48439K [0x0000000604000000, 0x0000000800000000)
  region size 4096K, 2 young (8192K), 1 survivors (4096K)
 Metaspace       used 7328K, committed 7488K, reserved 1056768K
  class space    used 705K, committed 768K, reserved 1048576K
}
Event: 1.924 GC heap after
{Heap after GC invocations=8 (full 1):
 garbage-first heap   total 98304K, used 49692K [0x0000000604000000, 0x0000000800000000)
  region size 4096K, 1 young (4096K), 1 survivors (4096K)
 Metaspace       used 7328K, committed 7488K, reserved 1056768K
  class space    used 705K, committed 768K, reserved 1048576K
}
Event: 6.767 GC heap before
{Heap before GC invocations=8 (full 1):
 garbage-first heap   total 98304K, used 53788K [0x0000000604000000, 0x0000000800000000)
  region size 4096K, 3 young (12288K), 1 survivors (4096K)
 Metaspace       used 7809K, committed 7936K, reserved 1056768K
  class space    used 711K, committed 768K, reserved 1048576K
}
Event: 6.773 GC heap after
{Heap after GC invocations=9 (full 1):
 garbage-first heap   total 311296K, used 52079K [0x0000000604000000, 0x0000000800000000)
  region size 4096K, 1 young (4096K), 1 survivors (4096K)
 Metaspace       used 7809K, committed 7936K, reserved 1056768K
  class space    used 711K, committed 768K, reserved 1048576K
}

