# JRE version: Java(TM) SE Runtime Environment (17.0.3+8) (build 17.0.3+8-LTS-111)
# Java VM: Java HotSpot(TM) 64-Bit Server VM (17.0.3+8-LTS-111, mixed mode, sharing, tiered, compressed oops, compressed class ptrs, g1 gc, windows-amd64)
GC Precious Log:
 CPUs: 24 total, 24 available
 Memory: 32509M
 Large Page Support: Disabled
 NUMA Support: Disabled
 Compressed Oops: Enabled (Zero based)
 Heap Region Size: 4M
 Heap Min Capacity: 8M
 Heap Initial Capacity: 508M
 Heap Max Capacity: 8128M
 Pre-touch: Disabled
 Parallel Workers: 18
 Concurrent Workers: 5
 Concurrent Refinement Workers: 18
 Periodic GC: Disabled
Heap:
 garbage-first heap   total 98304K, used 54992K [0x0000000604000000, 0x0000000800000000)
  region size 4096K, 3 young (12288K), 1 survivors (4096K)
 Metaspace       used 7876K, committed 8000K, reserved 1056768K
  class space    used 713K, committed 768K, reserved 1048576K
GC Heap History (14 events):
Event: 0.647 GC heap before
{Heap before GC invocations=0 (full 0):
 garbage-first heap   total 520192K, used 28672K [0x0000000604000000, 0x0000000800000000)
  region size 4096K, 6 young (24576K), 0 survivors (0K)
 Metaspace       used 5953K, committed 6144K, reserved 1056768K
  class space    used 586K, committed 704K, reserved 1048576K
}
Event: 0.650 GC heap after
{Heap after GC invocations=1 (full 0):
 garbage-first heap   total 520192K, used 18727K [0x0000000604000000, 0x0000000800000000)
  region size 4096K, 1 young (4096K), 1 survivors (4096K)
 Metaspace       used 5953K, committed 6144K, reserved 1056768K
  class space    used 586K, committed 704K, reserved 1048576K
}
Event: 0.697 GC heap before
{Heap before GC invocations=1 (full 0):
 garbage-first heap   total 520192K, used 18727K [0x0000000604000000, 0x0000000800000000)
  region size 4096K, 3 young (12288K), 1 survivors (4096K)
 Metaspace       used 6987K, committed 7168K, reserved 1056768K
  class space    used 667K, committed 768K, reserved 1048576K
}
Event: 0.701 GC heap after
{Heap after GC invocations=2 (full 1):
 garbage-first heap   total 98304K, used 19112K [0x0000000604000000, 0x0000000800000000)
  region size 4096K, 0 young (0K), 0 survivors (0K)
 Metaspace       used 6987K, committed 7168K, reserved 1056768K
  class space    used 667K, committed 768K, reserved 1048576K
}
Event: 1.055 GC heap before
{Heap before GC invocations=2 (full 1):
 garbage-first heap   total 98304K, used 31400K [0x0000000604000000, 0x0000000800000000)
  region size 4096K, 4 young (16384K), 0 survivors (0K)
 Metaspace       used 7136K, committed 7296K, reserved 1056768K
  class space    used 685K, committed 768K, reserved 1048576K
}
Event: 1.057 GC heap after
{Heap after GC invocations=3 (full 1):
 garbage-first heap   total 98304K, used 31581K [0x0000000604000000, 0x0000000800000000)
  region size 4096K, 1 young (4096K), 1 survivors (4096K)
 Metaspace       used 7136K, committed 7296K, reserved 1056768K
  class space    used 685K, committed 768K, reserved 1048576K
}
Event: 1.590 GC heap before
{Heap before GC invocations=3 (full 1):
 garbage-first heap   total 98304K, used 39773K [0x0000000604000000, 0x0000000800000000)
  region size 4096K, 3 young (12288K), 1 survivors (4096K)
 Metaspace       used 7158K, committed 7296K, reserved 1056768K
  class space    used 686K, committed 768K, reserved 1048576K
}
Event: 1.591 GC heap after
{Heap after GC invocations=4 (full 1):
 garbage-first heap   total 98304K, used 34497K [0x0000000604000000, 0x0000000800000000)
  region size 4096K, 1 young (4096K), 1 survivors (4096K)
 Metaspace       used 7158K, committed 7296K, reserved 1056768K
  class space    used 686K, committed 768K, reserved 1048576K
}
Event: 1.737 GC heap before
{Heap before GC invocations=4 (full 1):
 garbage-first heap   total 98304K, used 42689K [0x0000000604000000, 0x0000000800000000)
  region size 4096K, 4 young (16384K), 1 survivors (4096K)
 Metaspace       used 7204K, committed 7424K, reserved 1056768K
  class space    used 689K, committed 768K, reserved 1048576K
}
Event: 1.739 GC heap after
{Heap after GC invocations=5 (full 1):
 garbage-first heap   total 98304K, used 40966K [0x0000000604000000, 0x0000000800000000)
  region size 4096K, 1 young (4096K), 1 survivors (4096K)
 Metaspace       used 7204K, committed 7424K, reserved 1056768K
  class space    used 689K, committed 768K, reserved 1048576K
}
Event: 1.857 GC heap before
{Heap before GC invocations=6 (full 1):
 garbage-first heap   total 98304K, used 49158K [0x0000000604000000, 0x0000000800000000)
  region size 4096K, 4 young (16384K), 1 survivors (4096K)
 Metaspace       used 7330K, committed 7488K, reserved 1056768K
  class space    used 704K, committed 768K, reserved 1048576K
}
Event: 1.859 GC heap after
{Heap after GC invocations=7 (full 1):
 garbage-first heap   total 98304K, used 49181K [0x0000000604000000, 0x0000000800000000)
  region size 4096K, 1 young (4096K), 1 survivors (4096K)
 Metaspace       used 7330K, committed 7488K, reserved 1056768K
  class space    used 704K, committed 768K, reserved 1048576K
}
Event: 1.908 GC heap before
{Heap before GC invocations=7 (full 1):
 garbage-first heap   total 98304K, used 53277K [0x0000000604000000, 0x0000000800000000)
  region size 4096K, 2 young (8192K), 1 survivors (4096K)
 Metaspace       used 7330K, committed 7488K, reserved 1056768K
  class space    used 704K, committed 768K, reserved 1048576K
}
Event: 1.910 GC heap after
{Heap after GC invocations=8 (full 1):
 garbage-first heap   total 98304K, used 50896K [0x0000000604000000, 0x0000000800000000)
  region size 4096K, 1 young (4096K), 1 survivors (4096K)
 Metaspace       used 7330K, committed 7488K, reserved 1056768K
  class space    used 704K, committed 768K, reserved 1048576K
}

