# JRE version: Java(TM) SE Runtime Environment (17.0.2+8) (build 17.0.2+8-LTS-86)
# Java VM: Java HotSpot(TM) 64-Bit Server VM (17.0.2+8-LTS-86, mixed mode, sharing, tiered, compressed oops, compressed class ptrs, g1 gc, windows-amd64)
GC Precious Log:
 CPUs: 24 total, 24 available
 Memory: 32509M
 Large Page Support: Disabled
 NUMA Support: Disabled
 Compressed Oops: Enabled (Zero based)
 Heap Region Size: 4M
 Heap Min Capacity: 8M
 Heap Initial Capacity: 508M
 Heap Max Capacity: 8128M
 Pre-touch: Disabled
 Parallel Workers: 18
 Concurrent Workers: 5
 Concurrent Refinement Workers: 18
 Periodic GC: Disabled
Heap:
 garbage-first heap   total 1007616K, used 222113K [0x0000000604000000, 0x0000000800000000)
  region size 4096K, 13 young (53248K), 13 survivors (53248K)
 Metaspace       used 8177K, committed 8512K, reserved 1056768K
  class space    used 830K, committed 1024K, reserved 1048576K
GC Heap History (19 events):
Event: 0.271 GC heap before
{Heap before GC invocations=0 (full 0):
 garbage-first heap   total 520192K, used 32768K [0x0000000604000000, 0x0000000800000000)
  region size 4096K, 6 young (24576K), 0 survivors (0K)
 Metaspace       used 4505K, committed 4672K, reserved 1056768K
  class space    used 488K, committed 576K, reserved 1048576K
}
Event: 0.273 GC heap after
{Heap after GC invocations=1 (full 0):
 garbage-first heap   total 520192K, used 14803K [0x0000000604000000, 0x0000000800000000)
  region size 4096K, 1 young (4096K), 1 survivors (4096K)
 Metaspace       used 4505K, committed 4672K, reserved 1056768K
  class space    used 488K, committed 576K, reserved 1048576K
}
Event: 0.302 GC heap before
{Heap before GC invocations=1 (full 0):
 garbage-first heap   total 520192K, used 35283K [0x0000000604000000, 0x0000000800000000)
  region size 4096K, 6 young (24576K), 1 survivors (4096K)
 Metaspace       used 4709K, committed 4928K, reserved 1056768K
  class space    used 503K, committed 576K, reserved 1048576K
}
Event: 0.303 GC heap after
{Heap after GC invocations=2 (full 0):
 garbage-first heap   total 520192K, used 17999K [0x0000000604000000, 0x0000000800000000)
  region size 4096K, 1 young (4096K), 1 survivors (4096K)
 Metaspace       used 4709K, committed 4928K, reserved 1056768K
  class space    used 503K, committed 576K, reserved 1048576K
}
Event: 0.333 GC heap before
{Heap before GC invocations=2 (full 0):
 garbage-first heap   total 520192K, used 58959K [0x0000000604000000, 0x0000000800000000)
  region size 4096K, 11 young (45056K), 1 survivors (4096K)
 Metaspace       used 4853K, committed 5056K, reserved 1056768K
  class space    used 519K, committed 576K, reserved 1048576K
}
Event: 0.336 GC heap after
{Heap after GC invocations=3 (full 0):
 garbage-first heap   total 520192K, used 22447K [0x0000000604000000, 0x0000000800000000)
  region size 4096K, 2 young (8192K), 2 survivors (8192K)
 Metaspace       used 4853K, committed 5056K, reserved 1056768K
  class space    used 519K, committed 576K, reserved 1048576K
}
Event: 0.399 GC heap before
{Heap before GC invocations=3 (full 0):
 garbage-first heap   total 520192K, used 141231K [0x0000000604000000, 0x0000000800000000)
  region size 4096K, 31 young (126976K), 2 survivors (8192K)
 Metaspace       used 4897K, committed 5120K, reserved 1056768K
  class space    used 521K, committed 640K, reserved 1048576K
}
Event: 0.405 GC heap after
{Heap after GC invocations=4 (full 0):
 garbage-first heap   total 520192K, used 37731K [0x0000000604000000, 0x0000000800000000)
  region size 4096K, 4 young (16384K), 4 survivors (16384K)
 Metaspace       used 4897K, committed 5120K, reserved 1056768K
  class space    used 521K, committed 640K, reserved 1048576K
}
Event: 0.469 GC heap before
{Heap before GC invocations=4 (full 0):
 garbage-first heap   total 520192K, used 181091K [0x0000000604000000, 0x0000000800000000)
  region size 4096K, 39 young (159744K), 4 survivors (16384K)
 Metaspace       used 4980K, committed 5184K, reserved 1056768K
  class space    used 527K, committed 640K, reserved 1048576K
}
Event: 0.477 GC heap after
{Heap after GC invocations=5 (full 0):
 garbage-first heap   total 520192K, used 57230K [0x0000000604000000, 0x0000000800000000)
  region size 4096K, 5 young (20480K), 5 survivors (20480K)
 Metaspace       used 4980K, committed 5184K, reserved 1056768K
  class space    used 527K, committed 640K, reserved 1048576K
}
Event: 0.540 GC heap before
{Heap before GC invocations=5 (full 0):
 garbage-first heap   total 520192K, used 212878K [0x0000000604000000, 0x0000000800000000)
  region size 4096K, 43 young (176128K), 5 survivors (20480K)
 Metaspace       used 5009K, committed 5248K, reserved 1056768K
  class space    used 530K, committed 640K, reserved 1048576K
}
Event: 0.549 GC heap after
{Heap after GC invocations=6 (full 0):
 garbage-first heap   total 1007616K, used 75970K [0x0000000604000000, 0x0000000800000000)
  region size 4096K, 6 young (24576K), 6 survivors (24576K)
 Metaspace       used 5009K, committed 5248K, reserved 1056768K
  class space    used 530K, committed 640K, reserved 1048576K
}
Event: 0.672 GC heap before
{Heap before GC invocations=6 (full 0):
 garbage-first heap   total 1007616K, used 280770K [0x0000000604000000, 0x0000000800000000)
  region size 4096K, 56 young (229376K), 6 survivors (24576K)
 Metaspace       used 5124K, committed 5312K, reserved 1056768K
  class space    used 533K, committed 640K, reserved 1048576K
}
Event: 0.681 GC heap after
{Heap after GC invocations=7 (full 0):
 garbage-first heap   total 1007616K, used 102547K [0x0000000604000000, 0x0000000800000000)
  region size 4096K, 7 young (28672K), 7 survivors (28672K)
 Metaspace       used 5124K, committed 5312K, reserved 1056768K
  class space    used 533K, committed 640K, reserved 1048576K
}
Event: 0.945 GC heap before
{Heap before GC invocations=7 (full 0):
 garbage-first heap   total 1007616K, used 446611K [0x0000000604000000, 0x0000000800000000)
  region size 4096K, 91 young (372736K), 7 survivors (28672K)
 Metaspace       used 5244K, committed 5504K, reserved 1056768K
  class space    used 539K, committed 704K, reserved 1048576K
}
Event: 0.956 GC heap after
{Heap after GC invocations=8 (full 0):
 garbage-first heap   total 1007616K, used 136648K [0x0000000604000000, 0x0000000800000000)
  region size 4096K, 12 young (49152K), 12 survivors (49152K)
 Metaspace       used 5244K, committed 5504K, reserved 1056768K
  class space    used 539K, committed 704K, reserved 1048576K
}
Event: 1.200 GC heap before
{Heap before GC invocations=8 (full 0):
 garbage-first heap   total 1007616K, used 431560K [0x0000000604000000, 0x0000000800000000)
  region size 4096K, 84 young (344064K), 12 survivors (49152K)
 Metaspace       used 6221K, committed 6528K, reserved 1056768K
  class space    used 633K, committed 768K, reserved 1048576K
}
Event: 1.213 GC heap after
{Heap after GC invocations=9 (full 0):
 garbage-first heap   total 1007616K, used 172030K [0x0000000604000000, 0x0000000800000000)
  region size 4096K, 9 young (36864K), 9 survivors (36864K)
 Metaspace       used 6221K, committed 6528K, reserved 1056768K
  class space    used 633K, committed 768K, reserved 1048576K
}
Event: 1.511 GC heap before
{Heap before GC invocations=9 (full 0):
 garbage-first heap   total 1007616K, used 569342K [0x0000000604000000, 0x0000000800000000)
  region size 4096K, 106 young (434176K), 9 survivors (36864K)
 Metaspace       used 8177K, committed 8512K, reserved 1056768K
  class space    used 830K, committed 1024K, reserved 1048576K
}

