# JRE version: Java(TM) SE Runtime Environment (17.0.2+8) (build 17.0.2+8-LTS-86)
# Java VM: Java HotSpot(TM) 64-Bit Server VM (17.0.2+8-LTS-86, mixed mode, sharing, tiered, compressed oops, compressed class ptrs, g1 gc, windows-amd64)
GC Precious Log:
 CPUs: 24 total, 24 available
 Memory: 32509M
 Large Page Support: Disabled
 NUMA Support: Disabled
 Compressed Oops: Enabled (Zero based)
 Heap Region Size: 4M
 Heap Min Capacity: 8M
 Heap Initial Capacity: 508M
 Heap Max Capacity: 8128M
 Pre-touch: Disabled
 Parallel Workers: 18
 Concurrent Workers: 5
 Concurrent Refinement Workers: 18
 Periodic GC: Disabled
Heap:
 garbage-first heap   total 1728512K, used 475772K [0x0000000604000000, 0x0000000800000000)
  region size 4096K, 8 young (32768K), 8 survivors (32768K)
 Metaspace       used 9988K, committed 10240K, reserved 1064960K
  class space    used 969K, committed 1088K, reserved 1048576K
GC Heap History (20 events):
Event: 0.466 GC heap after
{Heap after GC invocations=5 (full 0):
 garbage-first heap   total 520192K, used 57942K [0x0000000604000000, 0x0000000800000000)
  region size 4096K, 5 young (20480K), 5 survivors (20480K)
 Metaspace       used 4978K, committed 5184K, reserved 1056768K
  class space    used 527K, committed 640K, reserved 1048576K
}
Event: 0.523 GC heap before
{Heap before GC invocations=5 (full 0):
 garbage-first heap   total 520192K, used 213590K [0x0000000604000000, 0x0000000800000000)
  region size 4096K, 43 young (176128K), 5 survivors (20480K)
 Metaspace       used 5007K, committed 5248K, reserved 1056768K
  class space    used 530K, committed 640K, reserved 1048576K
}
Event: 0.532 GC heap after
{Heap after GC invocations=6 (full 0):
 garbage-first heap   total 991232K, used 77057K [0x0000000604000000, 0x0000000800000000)
  region size 4096K, 6 young (24576K), 6 survivors (24576K)
 Metaspace       used 5007K, committed 5248K, reserved 1056768K
  class space    used 530K, committed 640K, reserved 1048576K
}
Event: 0.664 GC heap before
{Heap before GC invocations=6 (full 0):
 garbage-first heap   total 991232K, used 298241K [0x0000000604000000, 0x0000000800000000)
  region size 4096K, 60 young (245760K), 6 survivors (24576K)
 Metaspace       used 5129K, committed 5312K, reserved 1056768K
  class space    used 533K, committed 640K, reserved 1048576K
}
Event: 0.673 GC heap after
{Heap after GC invocations=7 (full 0):
 garbage-first heap   total 991232K, used 105330K [0x0000000604000000, 0x0000000800000000)
  region size 4096K, 8 young (32768K), 8 survivors (32768K)
 Metaspace       used 5129K, committed 5312K, reserved 1056768K
  class space    used 533K, committed 640K, reserved 1048576K
}
Event: 0.900 GC heap before
{Heap before GC invocations=7 (full 0):
 garbage-first heap   total 991232K, used 420722K [0x0000000604000000, 0x0000000800000000)
  region size 4096K, 85 young (348160K), 8 survivors (32768K)
 Metaspace       used 5245K, committed 5504K, reserved 1056768K
  class space    used 539K, committed 704K, reserved 1048576K
}
Event: 0.911 GC heap after
{Heap after GC invocations=8 (full 0):
 garbage-first heap   total 991232K, used 134722K [0x0000000604000000, 0x0000000800000000)
  region size 4096K, 11 young (45056K), 11 survivors (45056K)
 Metaspace       used 5245K, committed 5504K, reserved 1056768K
  class space    used 539K, committed 704K, reserved 1048576K
}
Event: 1.154 GC heap before
{Heap before GC invocations=8 (full 0):
 garbage-first heap   total 991232K, used 417346K [0x0000000604000000, 0x0000000800000000)
  region size 4096K, 80 young (327680K), 11 survivors (45056K)
 Metaspace       used 6206K, committed 6464K, reserved 1056768K
  class space    used 633K, committed 768K, reserved 1048576K
}
Event: 1.167 GC heap after
{Heap after GC invocations=9 (full 0):
 garbage-first heap   total 991232K, used 173931K [0x0000000604000000, 0x0000000800000000)
  region size 4096K, 10 young (40960K), 10 survivors (40960K)
 Metaspace       used 6206K, committed 6464K, reserved 1056768K
  class space    used 633K, committed 768K, reserved 1048576K
}
Event: 1.458 GC heap before
{Heap before GC invocations=9 (full 0):
 garbage-first heap   total 991232K, used 567147K [0x0000000604000000, 0x0000000800000000)
  region size 4096K, 106 young (434176K), 10 survivors (40960K)
 Metaspace       used 8172K, committed 8512K, reserved 1056768K
  class space    used 830K, committed 1024K, reserved 1048576K
}
Event: 1.472 GC heap after
{Heap after GC invocations=10 (full 0):
 garbage-first heap   total 1728512K, used 226392K [0x0000000604000000, 0x0000000800000000)
  region size 4096K, 13 young (53248K), 13 survivors (53248K)
 Metaspace       used 8172K, committed 8512K, reserved 1056768K
  class space    used 830K, committed 1024K, reserved 1048576K
}
Event: 2.510 GC heap before
{Heap before GC invocations=10 (full 0):
 garbage-first heap   total 1728512K, used 1221720K [0x0000000604000000, 0x0000000800000000)
  region size 4096K, 253 young (1036288K), 13 survivors (53248K)
 Metaspace       used 9112K, committed 9472K, reserved 1064960K
  class space    used 913K, committed 1088K, reserved 1048576K
}
Event: 2.530 GC heap after
{Heap after GC invocations=11 (full 0):
 garbage-first heap   total 1728512K, used 322565K [0x0000000604000000, 0x0000000800000000)
  region size 4096K, 32 young (131072K), 32 survivors (131072K)
 Metaspace       used 9112K, committed 9472K, reserved 1064960K
  class space    used 913K, committed 1088K, reserved 1048576K
}
Event: 2.533 GC heap before
{Heap before GC invocations=11 (full 0):
 garbage-first heap   total 1728512K, used 326661K [0x0000000604000000, 0x0000000800000000)
  region size 4096K, 33 young (135168K), 32 survivors (131072K)
 Metaspace       used 9115K, committed 9472K, reserved 1064960K
  class space    used 913K, committed 1088K, reserved 1048576K
}
Event: 2.558 GC heap after
{Heap after GC invocations=12 (full 0):
 garbage-first heap   total 1728512K, used 330956K [0x0000000604000000, 0x0000000800000000)
  region size 4096K, 4 young (16384K), 4 survivors (16384K)
 Metaspace       used 9115K, committed 9472K, reserved 1064960K
  class space    used 913K, committed 1088K, reserved 1048576K
}
Event: 2.615 GC heap before
{Heap before GC invocations=12 (full 0):
 garbage-first heap   total 1728512K, used 408780K [0x0000000604000000, 0x0000000800000000)
  region size 4096K, 23 young (94208K), 4 survivors (16384K)
 Metaspace       used 9125K, committed 9472K, reserved 1064960K
  class space    used 913K, committed 1088K, reserved 1048576K
}
Event: 2.622 GC heap after
{Heap after GC invocations=13 (full 0):
 garbage-first heap   total 1728512K, used 378919K [0x0000000604000000, 0x0000000800000000)
  region size 4096K, 3 young (12288K), 3 survivors (12288K)
 Metaspace       used 9125K, committed 9472K, reserved 1064960K
  class space    used 913K, committed 1088K, reserved 1048576K
}
Event: 2.923 GC heap before
{Heap before GC invocations=13 (full 0):
 garbage-first heap   total 1728512K, used 620583K [0x0000000604000000, 0x0000000800000000)
  region size 4096K, 62 young (253952K), 3 survivors (12288K)
 Metaspace       used 9971K, committed 10240K, reserved 1064960K
  class space    used 968K, committed 1088K, reserved 1048576K
}
Event: 2.934 GC heap after
{Heap after GC invocations=14 (full 0):
 garbage-first heap   total 1728512K, used 442368K [0x0000000604000000, 0x0000000800000000)
  region size 4096K, 8 young (32768K), 8 survivors (32768K)
 Metaspace       used 9971K, committed 10240K, reserved 1064960K
  class space    used 968K, committed 1088K, reserved 1048576K
}
Event: 3.440 GC heap before
{Heap before GC invocations=14 (full 0):
 garbage-first heap   total 1728512K, used 729088K [0x0000000604000000, 0x0000000800000000)
  region size 4096K, 78 young (319488K), 8 survivors (32768K)
 Metaspace       used 9988K, committed 10240K, reserved 1064960K
  class space    used 969K, committed 1088K, reserved 1048576K
}

