# JRE version: Java(TM) SE Runtime Environment (17.0.2+8) (build 17.0.2+8-LTS-86)
# Java VM: Java HotSpot(TM) 64-Bit Server VM (17.0.2+8-LTS-86, mixed mode, sharing, tiered, compressed oops, compressed class ptrs, g1 gc, windows-amd64)
GC Precious Log:
 CPUs: 24 total, 24 available
 Memory: 32509M
 Large Page Support: Disabled
 NUMA Support: Disabled
 Compressed Oops: Enabled (Zero based)
 Heap Region Size: 4M
 Heap Min Capacity: 8M
 Heap Initial Capacity: 508M
 Heap Max Capacity: 8128M
 Pre-touch: Disabled
 Parallel Workers: 18
 Concurrent Workers: 5
 Concurrent Refinement Workers: 18
 Periodic GC: Disabled
Heap:
 garbage-first heap   total 1572864K, used 486855K [0x0000000604000000, 0x0000000800000000)
  region size 4096K, 11 young (45056K), 11 survivors (45056K)
 Metaspace       used 10028K, committed 10304K, reserved 1064960K
  class space    used 969K, committed 1088K, reserved 1048576K
GC Heap History (20 events):
Event: 0.454 GC heap after
{Heap after GC invocations=5 (full 0):
 garbage-first heap   total 520192K, used 57894K [0x0000000604000000, 0x0000000800000000)
  region size 4096K, 5 young (20480K), 5 survivors (20480K)
 Metaspace       used 4983K, committed 5184K, reserved 1056768K
  class space    used 527K, committed 640K, reserved 1048576K
}
Event: 0.513 GC heap before
{Heap before GC invocations=5 (full 0):
 garbage-first heap   total 520192K, used 217638K [0x0000000604000000, 0x0000000800000000)
  region size 4096K, 44 young (180224K), 5 survivors (20480K)
 Metaspace       used 5013K, committed 5248K, reserved 1056768K
  class space    used 530K, committed 640K, reserved 1048576K
}
Event: 0.522 GC heap after
{Heap after GC invocations=6 (full 0):
 garbage-first heap   total 954368K, used 79115K [0x0000000604000000, 0x0000000800000000)
  region size 4096K, 5 young (20480K), 5 survivors (20480K)
 Metaspace       used 5013K, committed 5248K, reserved 1056768K
  class space    used 530K, committed 640K, reserved 1048576K
}
Event: 0.641 GC heap before
{Heap before GC invocations=6 (full 0):
 garbage-first heap   total 954368K, used 283915K [0x0000000604000000, 0x0000000800000000)
  region size 4096K, 55 young (225280K), 5 survivors (20480K)
 Metaspace       used 5136K, committed 5376K, reserved 1056768K
  class space    used 533K, committed 640K, reserved 1048576K
}
Event: 0.649 GC heap after
{Heap after GC invocations=7 (full 0):
 garbage-first heap   total 954368K, used 106304K [0x0000000604000000, 0x0000000800000000)
  region size 4096K, 7 young (28672K), 7 survivors (28672K)
 Metaspace       used 5136K, committed 5376K, reserved 1056768K
  class space    used 533K, committed 640K, reserved 1048576K
}
Event: 0.908 GC heap before
{Heap before GC invocations=7 (full 0):
 garbage-first heap   total 954368K, used 458560K [0x0000000604000000, 0x0000000800000000)
  region size 4096K, 93 young (380928K), 7 survivors (28672K)
 Metaspace       used 5251K, committed 5504K, reserved 1056768K
  class space    used 539K, committed 704K, reserved 1048576K
}
Event: 0.920 GC heap after
{Heap after GC invocations=8 (full 0):
 garbage-first heap   total 954368K, used 142371K [0x0000000604000000, 0x0000000800000000)
  region size 4096K, 9 young (36864K), 9 survivors (36864K)
 Metaspace       used 5251K, committed 5504K, reserved 1056768K
  class space    used 539K, committed 704K, reserved 1048576K
}
Event: 1.178 GC heap before
{Heap before GC invocations=8 (full 0):
 garbage-first heap   total 954368K, used 465955K [0x0000000604000000, 0x0000000800000000)
  region size 4096K, 88 young (360448K), 9 survivors (36864K)
 Metaspace       used 6235K, committed 6528K, reserved 1056768K
  class space    used 633K, committed 768K, reserved 1048576K
}
Event: 1.188 GC heap after
{Heap after GC invocations=9 (full 0):
 garbage-first heap   total 954368K, used 174069K [0x0000000604000000, 0x0000000800000000)
  region size 4096K, 8 young (32768K), 8 survivors (32768K)
 Metaspace       used 6235K, committed 6528K, reserved 1056768K
  class space    used 633K, committed 768K, reserved 1048576K
}
Event: 1.687 GC heap before
{Heap before GC invocations=9 (full 0):
 garbage-first heap   total 954368K, used 681973K [0x0000000604000000, 0x0000000800000000)
  region size 4096K, 132 young (540672K), 8 survivors (32768K)
 Metaspace       used 9036K, committed 9408K, reserved 1064960K
  class space    used 910K, committed 1088K, reserved 1048576K
}
Event: 1.694 GC heap after
{Heap after GC invocations=10 (full 0):
 garbage-first heap   total 1572864K, used 178107K [0x0000000604000000, 0x0000000800000000)
  region size 4096K, 9 young (36864K), 9 survivors (36864K)
 Metaspace       used 9036K, committed 9408K, reserved 1064960K
  class space    used 910K, committed 1088K, reserved 1048576K
}
Event: 2.518 GC heap before
{Heap before GC invocations=10 (full 0):
 garbage-first heap   total 1572864K, used 1095611K [0x0000000604000000, 0x0000000800000000)
  region size 4096K, 230 young (942080K), 9 survivors (36864K)
 Metaspace       used 9129K, committed 9472K, reserved 1064960K
  class space    used 913K, committed 1088K, reserved 1048576K
}
Event: 2.543 GC heap after
{Heap after GC invocations=11 (full 0):
 garbage-first heap   total 1572864K, used 316764K [0x0000000604000000, 0x0000000800000000)
  region size 4096K, 29 young (118784K), 29 survivors (118784K)
 Metaspace       used 9129K, committed 9472K, reserved 1064960K
  class space    used 913K, committed 1088K, reserved 1048576K
}
Event: 2.546 GC heap before
{Heap before GC invocations=11 (full 0):
 garbage-first heap   total 1572864K, used 320860K [0x0000000604000000, 0x0000000800000000)
  region size 4096K, 30 young (122880K), 29 survivors (118784K)
 Metaspace       used 9130K, committed 9472K, reserved 1064960K
  class space    used 913K, committed 1088K, reserved 1048576K
}
Event: 2.565 GC heap after
{Heap after GC invocations=12 (full 0):
 garbage-first heap   total 1572864K, used 335220K [0x0000000604000000, 0x0000000800000000)
  region size 4096K, 4 young (16384K), 4 survivors (16384K)
 Metaspace       used 9130K, committed 9472K, reserved 1064960K
  class space    used 913K, committed 1088K, reserved 1048576K
}
Event: 2.600 GC heap before
{Heap before GC invocations=12 (full 0):
 garbage-first heap   total 1572864K, used 396660K [0x0000000604000000, 0x0000000800000000)
  region size 4096K, 19 young (77824K), 4 survivors (16384K)
 Metaspace       used 9131K, committed 9472K, reserved 1064960K
  class space    used 913K, committed 1088K, reserved 1048576K
}
Event: 2.606 GC heap after
{Heap after GC invocations=13 (full 0):
 garbage-first heap   total 1572864K, used 376832K [0x0000000604000000, 0x0000000800000000)
  region size 4096K, 3 young (12288K), 3 survivors (12288K)
 Metaspace       used 9131K, committed 9472K, reserved 1064960K
  class space    used 913K, committed 1088K, reserved 1048576K
}
Event: 2.986 GC heap before
{Heap before GC invocations=13 (full 0):
 garbage-first heap   total 1572864K, used 598016K [0x0000000604000000, 0x0000000800000000)
  region size 4096K, 57 young (233472K), 3 survivors (12288K)
 Metaspace       used 9984K, committed 10240K, reserved 1064960K
  class space    used 969K, committed 1088K, reserved 1048576K
}
Event: 2.999 GC heap after
{Heap after GC invocations=14 (full 0):
 garbage-first heap   total 1572864K, used 446464K [0x0000000604000000, 0x0000000800000000)
  region size 4096K, 8 young (32768K), 8 survivors (32768K)
 Metaspace       used 9984K, committed 10240K, reserved 1064960K
  class space    used 969K, committed 1088K, reserved 1048576K
}
Event: 3.526 GC heap before
{Heap before GC invocations=14 (full 0):
 garbage-first heap   total 1572864K, used 757760K [0x0000000604000000, 0x0000000800000000)
  region size 4096K, 84 young (344064K), 8 survivors (32768K)
 Metaspace       used 10028K, committed 10304K, reserved 1064960K
  class space    used 969K, committed 1088K, reserved 1048576K
}

