# JRE version: Java(TM) SE Runtime Environment (18.0.2+9) (build 18.0.2+9-61)
# Java VM: Java HotSpot(TM) 64-Bit Server VM (18.0.2+9-61, mixed mode, sharing, tiered, compressed oops, compressed class ptrs, g1 gc, windows-amd64)
GC Precious Log:
 CardTable entry size: 512
 Card Set container configuration: InlinePtr #cards 5 size 8 Array Of Cards #cards 12 size 40 Howl #buckets 4 coarsen threshold 1843 Howl Bitmap #cards 512 size 80 coarsen threshold 460 Card regions per heap region 1 cards per card region 2048
 CPUs: 24 total, 24 available
 Memory: 32509M
 Large Page Support: Disabled
 NUMA Support: Disabled
 Compressed Oops: Enabled (32-bit)
 Heap Region Size: 1M
 Heap Min Capacity: 256M
 Heap Initial Capacity: 256M
 Heap Max Capacity: 512M
 Pre-touch: Disabled
 Parallel Workers: 18
 Concurrent Workers: 5
 Concurrent Refinement Workers: 18
 Periodic GC: Disabled
Heap:
 garbage-first heap   total 262144K, used 155731K [0x00000000e0000000, 0x0000000100000000)
  region size 1024K, 34 young (34816K), 11 survivors (11264K)
 Metaspace       used 80274K, committed 84672K, reserved 344064K
  class space    used 10227K, committed 11840K, reserved 212992K
GC Heap History (20 events):
Event: 2.071 GC heap before
{Heap before GC invocations=4 (full 0):
 garbage-first heap   total 262144K, used 123129K [0x00000000e0000000, 0x0000000100000000)
  region size 1024K, 111 young (113664K), 12 survivors (12288K)
 Metaspace       used 34811K, committed 35968K, reserved 278528K
  class space    used 4850K, committed 5440K, reserved 212992K
}
Event: 2.076 GC heap after
{Heap after GC invocations=5 (full 0):
 garbage-first heap   total 262144K, used 30819K [0x00000000e0000000, 0x0000000100000000)
  region size 1024K, 17 young (17408K), 17 survivors (17408K)
 Metaspace       used 34811K, committed 35968K, reserved 278528K
  class space    used 4850K, committed 5440K, reserved 212992K
}
Event: 2.814 GC heap before
{Heap before GC invocations=6 (full 0):
 garbage-first heap   total 262144K, used 175203K [0x00000000e0000000, 0x0000000100000000)
  region size 1024K, 153 young (156672K), 17 survivors (17408K)
 Metaspace       used 48219K, committed 49856K, reserved 278528K
  class space    used 6736K, committed 7552K, reserved 212992K
}
Event: 2.820 GC heap after
{Heap after GC invocations=7 (full 0):
 garbage-first heap   total 262144K, used 47111K [0x00000000e0000000, 0x0000000100000000)
  region size 1024K, 20 young (20480K), 20 survivors (20480K)
 Metaspace       used 48219K, committed 49856K, reserved 278528K
  class space    used 6736K, committed 7552K, reserved 212992K
}
Event: 3.449 GC heap before
{Heap before GC invocations=7 (full 0):
 garbage-first heap   total 262144K, used 182279K [0x00000000e0000000, 0x0000000100000000)
  region size 1024K, 153 young (156672K), 20 survivors (20480K)
 Metaspace       used 57281K, committed 59136K, reserved 278528K
  class space    used 7955K, committed 8896K, reserved 212992K
}
Event: 3.453 GC heap after
{Heap after GC invocations=8 (full 0):
 garbage-first heap   total 262144K, used 57493K [0x00000000e0000000, 0x0000000100000000)
  region size 1024K, 12 young (12288K), 12 survivors (12288K)
 Metaspace       used 57281K, committed 59136K, reserved 278528K
  class space    used 7955K, committed 8896K, reserved 212992K
}
Event: 3.646 GC heap before
{Heap before GC invocations=8 (full 0):
 garbage-first heap   total 262144K, used 99477K [0x00000000e0000000, 0x0000000100000000)
  region size 1024K, 54 young (55296K), 12 survivors (12288K)
 Metaspace       used 58201K, committed 60096K, reserved 278528K
  class space    used 8067K, committed 8960K, reserved 212992K
}
Event: 3.648 GC heap after
{Heap after GC invocations=9 (full 0):
 garbage-first heap   total 262144K, used 62251K [0x00000000e0000000, 0x0000000100000000)
  region size 1024K, 7 young (7168K), 7 survivors (7168K)
 Metaspace       used 58201K, committed 60096K, reserved 278528K
  class space    used 8067K, committed 8960K, reserved 212992K
}
Event: 4.579 GC heap before
{Heap before GC invocations=10 (full 0):
 garbage-first heap   total 262144K, used 202539K [0x00000000e0000000, 0x0000000100000000)
  region size 1024K, 139 young (142336K), 7 survivors (7168K)
 Metaspace       used 72615K, committed 74752K, reserved 278528K
  class space    used 9968K, committed 11008K, reserved 212992K
}
Event: 4.584 GC heap after
{Heap after GC invocations=11 (full 0):
 garbage-first heap   total 262144K, used 83949K [0x00000000e0000000, 0x0000000100000000)
  region size 1024K, 18 young (18432K), 18 survivors (18432K)
 Metaspace       used 72615K, committed 74752K, reserved 278528K
  class space    used 9968K, committed 11008K, reserved 212992K
}
Event: 27.644 GC heap before
{Heap before GC invocations=11 (full 0):
 garbage-first heap   total 262144K, used 195565K [0x00000000e0000000, 0x0000000100000000)
  region size 1024K, 128 young (131072K), 18 survivors (18432K)
 Metaspace       used 79041K, committed 81216K, reserved 344064K
  class space    used 10589K, committed 11648K, reserved 212992K
}
Event: 27.649 GC heap after
{Heap after GC invocations=12 (full 0):
 garbage-first heap   total 262144K, used 93938K [0x00000000e0000000, 0x0000000100000000)
  region size 1024K, 12 young (12288K), 12 survivors (12288K)
 Metaspace       used 79041K, committed 81216K, reserved 344064K
  class space    used 10589K, committed 11648K, reserved 212992K
}
Event: 28.236 GC heap before
{Heap before GC invocations=12 (full 0):
 garbage-first heap   total 262144K, used 204530K [0x00000000e0000000, 0x0000000100000000)
  region size 1024K, 115 young (117760K), 12 survivors (12288K)
 Metaspace       used 79668K, committed 81792K, reserved 344064K
  class space    used 10605K, committed 11648K, reserved 212992K
}
Event: 28.242 GC heap after
{Heap after GC invocations=13 (full 0):
 garbage-first heap   total 262144K, used 116168K [0x00000000e0000000, 0x0000000100000000)
  region size 1024K, 15 young (15360K), 15 survivors (15360K)
 Metaspace       used 79668K, committed 81792K, reserved 344064K
  class space    used 10605K, committed 11648K, reserved 212992K
}
Event: 28.936 GC heap before
{Heap before GC invocations=13 (full 0):
 garbage-first heap   total 262144K, used 201160K [0x00000000e0000000, 0x0000000100000000)
  region size 1024K, 98 young (100352K), 15 survivors (15360K)
 Metaspace       used 81166K, committed 83328K, reserved 344064K
  class space    used 10725K, committed 11776K, reserved 212992K
}
Event: 28.941 GC heap after
{Heap after GC invocations=14 (full 0):
 garbage-first heap   total 262144K, used 124907K [0x00000000e0000000, 0x0000000100000000)
  region size 1024K, 8 young (8192K), 8 survivors (8192K)
 Metaspace       used 81166K, committed 83328K, reserved 344064K
  class space    used 10725K, committed 11776K, reserved 212992K
}
Event: 1901.423 GC heap before
{Heap before GC invocations=14 (full 0):
 garbage-first heap   total 262144K, used 203755K [0x00000000e0000000, 0x0000000100000000)
  region size 1024K, 86 young (88064K), 8 survivors (8192K)
 Metaspace       used 82245K, committed 84416K, reserved 344064K
  class space    used 10814K, committed 11904K, reserved 212992K
}
Event: 1901.427 GC heap after
{Heap after GC invocations=15 (full 0):
 garbage-first heap   total 262144K, used 129053K [0x00000000e0000000, 0x0000000100000000)
  region size 1024K, 5 young (5120K), 5 survivors (5120K)
 Metaspace       used 82245K, committed 84416K, reserved 344064K
  class space    used 10814K, committed 11904K, reserved 212992K
}
Event: 3034.867 GC heap before
{Heap before GC invocations=15 (full 0):
 garbage-first heap   total 262144K, used 207901K [0x00000000e0000000, 0x0000000100000000)
  region size 1024K, 83 young (84992K), 5 survivors (5120K)
 Metaspace       used 82753K, committed 84928K, reserved 344064K
  class space    used 10824K, committed 11904K, reserved 212992K
}
Event: 3034.872 GC heap after
{Heap after GC invocations=16 (full 0):
 garbage-first heap   total 262144K, used 137299K [0x00000000e0000000, 0x0000000100000000)
  region size 1024K, 11 young (11264K), 11 survivors (11264K)
 Metaspace       used 82753K, committed 84928K, reserved 344064K
  class space    used 10824K, committed 11904K, reserved 212992K
}

